/*C45*/SET SCHEMA PUBLIC
DISCONNECT
/*C46*/SET SCHEMA EBIUTIL
INSERT INTO USER_SESSION VALUES('echindr','7973B09569E8D59D093CDEF564695134','2017-12-04 15:26:27.152000','2017-12-04 15:26:29.758000',NULL,'2017-12-04 15:26:29.841000')
COMMIT
/*C50*/SET SCHEMA PUBLIC
DISCONNECT
/*C51*/SET SCHEMA PUBLIC
DISCONNECT
/*C1*/SET SCHEMA SYSTEM_LOBS
INSERT INTO LOB_IDS VALUES(205,173974,0,40)
ALTER SEQUENCE SYSTEM_LOBS.LOB_ID RESTART WITH 206
COMMIT
DELETE FROM BLOCKS WHERE BLOCK_ADDR=2354
INSERT INTO BLOCKS VALUES(2354,11,0)
INSERT INTO BLOCKS VALUES(2365,2147481282,0)
DELETE FROM BLOCKS WHERE BLOCK_ADDR=2354
INSERT INTO LOBS VALUES(2354,11,0,205)
COMMIT
INSERT INTO LOB_IDS VALUES(206,206283,0,40)
ALTER SEQUENCE SYSTEM_LOBS.LOB_ID RESTART WITH 207
COMMIT
DELETE FROM BLOCKS WHERE BLOCK_ADDR=2365
INSERT INTO BLOCKS VALUES(2365,13,0)
INSERT INTO BLOCKS VALUES(2378,2147481269,0)
DELETE FROM BLOCKS WHERE BLOCK_ADDR=2365
INSERT INTO LOBS VALUES(2365,13,0,206)
COMMIT
/*C47*/SET SCHEMA EBIUTIL
DELETE FROM RELEASE_INFO_FILE_MAP WHERE RELEASE_ID='128.3.000-INT' AND ENGLISH_FILE=203 AND SPANISH_FILE=204 AND UPDATED_TIME='2017-11-28 17:24:38.316000-6:00' AND UPDATED_BY='ebiadmin1'
INSERT INTO RELEASE_INFO_FILE_MAP VALUES('128.3.000-INT',205,206,'2017-12-04 15:56:38.231000-6:00','ebiadmin1')
SET SCHEMA SYSTEM_LOBS
DELETE FROM LOB_IDS WHERE LOB_ID=203
INSERT INTO LOB_IDS VALUES(203,173922,0,40)
DELETE FROM LOB_IDS WHERE LOB_ID=204
INSERT INTO LOB_IDS VALUES(204,206231,0,40)
DELETE FROM LOB_IDS WHERE LOB_ID=205
INSERT INTO LOB_IDS VALUES(205,173974,1,40)
DELETE FROM LOB_IDS WHERE LOB_ID=206
INSERT INTO LOB_IDS VALUES(206,206283,1,40)
COMMIT
/*C1*/INSERT INTO LOB_IDS VALUES(207,173974,0,40)
ALTER SEQUENCE SYSTEM_LOBS.LOB_ID RESTART WITH 208
COMMIT
DELETE FROM BLOCKS WHERE BLOCK_ADDR=2378
INSERT INTO BLOCKS VALUES(2378,11,0)
INSERT INTO BLOCKS VALUES(2389,2147481258,0)
DELETE FROM BLOCKS WHERE BLOCK_ADDR=2378
INSERT INTO LOBS VALUES(2378,11,0,207)
COMMIT
INSERT INTO LOB_IDS VALUES(208,206283,0,40)
ALTER SEQUENCE SYSTEM_LOBS.LOB_ID RESTART WITH 209
COMMIT
DELETE FROM BLOCKS WHERE BLOCK_ADDR=2389
INSERT INTO BLOCKS VALUES(2389,13,0)
INSERT INTO BLOCKS VALUES(2402,2147481245,0)
DELETE FROM BLOCKS WHERE BLOCK_ADDR=2389
INSERT INTO LOBS VALUES(2389,13,0,208)
COMMIT
/*C47*/SET SCHEMA EBIUTIL
DELETE FROM RELEASE_INFO_FILE_MAP WHERE RELEASE_ID='128.3.000-INT' AND ENGLISH_FILE=205 AND SPANISH_FILE=206 AND UPDATED_TIME='2017-12-04 15:56:38.231000-6:00' AND UPDATED_BY='ebiadmin1'
INSERT INTO RELEASE_INFO_FILE_MAP VALUES('128.3.000-INT',207,208,'2017-12-04 15:57:43.690000-6:00','ebiadmin1')
SET SCHEMA SYSTEM_LOBS
DELETE FROM LOB_IDS WHERE LOB_ID=205
INSERT INTO LOB_IDS VALUES(205,173974,0,40)
DELETE FROM LOB_IDS WHERE LOB_ID=206
INSERT INTO LOB_IDS VALUES(206,206283,0,40)
DELETE FROM LOB_IDS WHERE LOB_ID=207
INSERT INTO LOB_IDS VALUES(207,173974,1,40)
DELETE FROM LOB_IDS WHERE LOB_ID=208
INSERT INTO LOB_IDS VALUES(208,206283,1,40)
COMMIT
/*C46*/SET SCHEMA PUBLIC
DISCONNECT
/*C47*/SET SCHEMA PUBLIC
DISCONNECT
/*C52*/SET SCHEMA PUBLIC
DISCONNECT
/*C1*/INSERT INTO LOB_IDS VALUES(209,173991,0,40)
ALTER SEQUENCE SYSTEM_LOBS.LOB_ID RESTART WITH 210
COMMIT
DELETE FROM BLOCKS WHERE BLOCK_ADDR=2402
INSERT INTO BLOCKS VALUES(2402,11,0)
INSERT INTO BLOCKS VALUES(2413,2147481234,0)
DELETE FROM BLOCKS WHERE BLOCK_ADDR=2402
INSERT INTO LOBS VALUES(2402,11,0,209)
COMMIT
INSERT INTO LOB_IDS VALUES(210,206300,0,40)
ALTER SEQUENCE SYSTEM_LOBS.LOB_ID RESTART WITH 211
COMMIT
DELETE FROM BLOCKS WHERE BLOCK_ADDR=2413
INSERT INTO BLOCKS VALUES(2413,13,0)
INSERT INTO BLOCKS VALUES(2426,2147481221,0)
DELETE FROM BLOCKS WHERE BLOCK_ADDR=2413
INSERT INTO LOBS VALUES(2413,13,0,210)
COMMIT
/*C53*/SET SCHEMA EBIUTIL
DELETE FROM RELEASE_INFO_FILE_MAP WHERE RELEASE_ID='128.3.000-INT' AND ENGLISH_FILE=207 AND SPANISH_FILE=208 AND UPDATED_TIME='2017-12-04 15:57:43.690000-6:00' AND UPDATED_BY='ebiadmin1'
INSERT INTO RELEASE_INFO_FILE_MAP VALUES('128.3.000-INT',209,210,'2017-12-04 16:00:31.246000-6:00','ebiadmin1')
SET SCHEMA SYSTEM_LOBS
DELETE FROM LOB_IDS WHERE LOB_ID=207
INSERT INTO LOB_IDS VALUES(207,173974,0,40)
DELETE FROM LOB_IDS WHERE LOB_ID=208
INSERT INTO LOB_IDS VALUES(208,206283,0,40)
DELETE FROM LOB_IDS WHERE LOB_ID=209
INSERT INTO LOB_IDS VALUES(209,173991,1,40)
DELETE FROM LOB_IDS WHERE LOB_ID=210
INSERT INTO LOB_IDS VALUES(210,206300,1,40)
COMMIT
/*C1*/INSERT INTO LOB_IDS VALUES(211,173991,0,40)
ALTER SEQUENCE SYSTEM_LOBS.LOB_ID RESTART WITH 212
COMMIT
DELETE FROM BLOCKS WHERE BLOCK_ADDR=2426
INSERT INTO BLOCKS VALUES(2426,11,0)
INSERT INTO BLOCKS VALUES(2437,2147481210,0)
DELETE FROM BLOCKS WHERE BLOCK_ADDR=2426
INSERT INTO LOBS VALUES(2426,11,0,211)
COMMIT
INSERT INTO LOB_IDS VALUES(212,206300,0,40)
ALTER SEQUENCE SYSTEM_LOBS.LOB_ID RESTART WITH 213
COMMIT
DELETE FROM BLOCKS WHERE BLOCK_ADDR=2437
INSERT INTO BLOCKS VALUES(2437,13,0)
INSERT INTO BLOCKS VALUES(2450,2147481197,0)
DELETE FROM BLOCKS WHERE BLOCK_ADDR=2437
INSERT INTO LOBS VALUES(2437,13,0,212)
COMMIT
/*C53*/SET SCHEMA EBIUTIL
DELETE FROM RELEASE_INFO_FILE_MAP WHERE RELEASE_ID='128.3.000-INT' AND ENGLISH_FILE=209 AND SPANISH_FILE=210 AND UPDATED_TIME='2017-12-04 16:00:31.246000-6:00' AND UPDATED_BY='ebiadmin1'
INSERT INTO RELEASE_INFO_FILE_MAP VALUES('128.3.000-INT',211,212,'2017-12-04 16:01:04.588000-6:00','ebiadmin1')
SET SCHEMA SYSTEM_LOBS
DELETE FROM LOB_IDS WHERE LOB_ID=209
INSERT INTO LOB_IDS VALUES(209,173991,0,40)
DELETE FROM LOB_IDS WHERE LOB_ID=210
INSERT INTO LOB_IDS VALUES(210,206300,0,40)
DELETE FROM LOB_IDS WHERE LOB_ID=211
INSERT INTO LOB_IDS VALUES(211,173991,1,40)
DELETE FROM LOB_IDS WHERE LOB_ID=212
INSERT INTO LOB_IDS VALUES(212,206300,1,40)
COMMIT
/*C1*/INSERT INTO LOB_IDS VALUES(213,174060,0,40)
ALTER SEQUENCE SYSTEM_LOBS.LOB_ID RESTART WITH 214
COMMIT
DELETE FROM BLOCKS WHERE BLOCK_ADDR=2450
INSERT INTO BLOCKS VALUES(2450,11,0)
INSERT INTO BLOCKS VALUES(2461,2147481186,0)
DELETE FROM BLOCKS WHERE BLOCK_ADDR=2450
INSERT INTO LOBS VALUES(2450,11,0,213)
COMMIT
INSERT INTO LOB_IDS VALUES(214,206369,0,40)
ALTER SEQUENCE SYSTEM_LOBS.LOB_ID RESTART WITH 215
COMMIT
DELETE FROM BLOCKS WHERE BLOCK_ADDR=2461
INSERT INTO BLOCKS VALUES(2461,13,0)
INSERT INTO BLOCKS VALUES(2474,2147481173,0)
DELETE FROM BLOCKS WHERE BLOCK_ADDR=2461
INSERT INTO LOBS VALUES(2461,13,0,214)
COMMIT
/*C53*/SET SCHEMA EBIUTIL
DELETE FROM RELEASE_INFO_FILE_MAP WHERE RELEASE_ID='128.3.000-INT' AND ENGLISH_FILE=211 AND SPANISH_FILE=212 AND UPDATED_TIME='2017-12-04 16:01:04.588000-6:00' AND UPDATED_BY='ebiadmin1'
INSERT INTO RELEASE_INFO_FILE_MAP VALUES('128.3.000-INT',213,214,'2017-12-04 16:05:53.738000-6:00','ebiadmin1')
SET SCHEMA SYSTEM_LOBS
DELETE FROM LOB_IDS WHERE LOB_ID=211
INSERT INTO LOB_IDS VALUES(211,173991,0,40)
DELETE FROM LOB_IDS WHERE LOB_ID=212
INSERT INTO LOB_IDS VALUES(212,206300,0,40)
DELETE FROM LOB_IDS WHERE LOB_ID=213
INSERT INTO LOB_IDS VALUES(213,174060,1,40)
DELETE FROM LOB_IDS WHERE LOB_ID=214
INSERT INTO LOB_IDS VALUES(214,206369,1,40)
COMMIT
/*C1*/INSERT INTO LOB_IDS VALUES(215,174062,0,40)
ALTER SEQUENCE SYSTEM_LOBS.LOB_ID RESTART WITH 216
COMMIT
DELETE FROM BLOCKS WHERE BLOCK_ADDR=2474
INSERT INTO BLOCKS VALUES(2474,11,0)
INSERT INTO BLOCKS VALUES(2485,2147481162,0)
DELETE FROM BLOCKS WHERE BLOCK_ADDR=2474
INSERT INTO LOBS VALUES(2474,11,0,215)
COMMIT
INSERT INTO LOB_IDS VALUES(216,206371,0,40)
ALTER SEQUENCE SYSTEM_LOBS.LOB_ID RESTART WITH 217
COMMIT
DELETE FROM BLOCKS WHERE BLOCK_ADDR=2485
INSERT INTO BLOCKS VALUES(2485,13,0)
INSERT INTO BLOCKS VALUES(2498,2147481149,0)
DELETE FROM BLOCKS WHERE BLOCK_ADDR=2485
INSERT INTO LOBS VALUES(2485,13,0,216)
COMMIT
/*C53*/SET SCHEMA EBIUTIL
DELETE FROM RELEASE_INFO_FILE_MAP WHERE RELEASE_ID='128.3.000-INT' AND ENGLISH_FILE=213 AND SPANISH_FILE=214 AND UPDATED_TIME='2017-12-04 16:05:53.738000-6:00' AND UPDATED_BY='ebiadmin1'
INSERT INTO RELEASE_INFO_FILE_MAP VALUES('128.3.000-INT',215,216,'2017-12-04 16:06:34.937000-6:00','ebiadmin1')
SET SCHEMA SYSTEM_LOBS
DELETE FROM LOB_IDS WHERE LOB_ID=213
INSERT INTO LOB_IDS VALUES(213,174060,0,40)
DELETE FROM LOB_IDS WHERE LOB_ID=214
INSERT INTO LOB_IDS VALUES(214,206369,0,40)
DELETE FROM LOB_IDS WHERE LOB_ID=215
INSERT INTO LOB_IDS VALUES(215,174062,1,40)
DELETE FROM LOB_IDS WHERE LOB_ID=216
INSERT INTO LOB_IDS VALUES(216,206371,1,40)
COMMIT
/*C1*/INSERT INTO LOB_IDS VALUES(217,174060,0,40)
ALTER SEQUENCE SYSTEM_LOBS.LOB_ID RESTART WITH 218
COMMIT
DELETE FROM BLOCKS WHERE BLOCK_ADDR=2498
INSERT INTO BLOCKS VALUES(2498,11,0)
INSERT INTO BLOCKS VALUES(2509,2147481138,0)
DELETE FROM BLOCKS WHERE BLOCK_ADDR=2498
INSERT INTO LOBS VALUES(2498,11,0,217)
COMMIT
INSERT INTO LOB_IDS VALUES(218,206369,0,40)
ALTER SEQUENCE SYSTEM_LOBS.LOB_ID RESTART WITH 219
COMMIT
DELETE FROM BLOCKS WHERE BLOCK_ADDR=2509
INSERT INTO BLOCKS VALUES(2509,13,0)
INSERT INTO BLOCKS VALUES(2522,2147481125,0)
DELETE FROM BLOCKS WHERE BLOCK_ADDR=2509
INSERT INTO LOBS VALUES(2509,13,0,218)
COMMIT
/*C53*/SET SCHEMA EBIUTIL
DELETE FROM RELEASE_INFO_FILE_MAP WHERE RELEASE_ID='128.3.000-INT' AND ENGLISH_FILE=215 AND SPANISH_FILE=216 AND UPDATED_TIME='2017-12-04 16:06:34.937000-6:00' AND UPDATED_BY='ebiadmin1'
INSERT INTO RELEASE_INFO_FILE_MAP VALUES('128.3.000-INT',217,218,'2017-12-04 16:06:50.754000-6:00','ebiadmin1')
SET SCHEMA SYSTEM_LOBS
DELETE FROM LOB_IDS WHERE LOB_ID=215
INSERT INTO LOB_IDS VALUES(215,174062,0,40)
DELETE FROM LOB_IDS WHERE LOB_ID=216
INSERT INTO LOB_IDS VALUES(216,206371,0,40)
DELETE FROM LOB_IDS WHERE LOB_ID=217
INSERT INTO LOB_IDS VALUES(217,174060,1,40)
DELETE FROM LOB_IDS WHERE LOB_ID=218
INSERT INTO LOB_IDS VALUES(218,206369,1,40)
COMMIT
/*C1*/INSERT INTO LOB_IDS VALUES(219,174060,0,40)
ALTER SEQUENCE SYSTEM_LOBS.LOB_ID RESTART WITH 220
COMMIT
DELETE FROM BLOCKS WHERE BLOCK_ADDR=2522
INSERT INTO BLOCKS VALUES(2522,11,0)
INSERT INTO BLOCKS VALUES(2533,2147481114,0)
DELETE FROM BLOCKS WHERE BLOCK_ADDR=2522
INSERT INTO LOBS VALUES(2522,11,0,219)
COMMIT
INSERT INTO LOB_IDS VALUES(220,206369,0,40)
ALTER SEQUENCE SYSTEM_LOBS.LOB_ID RESTART WITH 221
COMMIT
DELETE FROM BLOCKS WHERE BLOCK_ADDR=2533
INSERT INTO BLOCKS VALUES(2533,13,0)
INSERT INTO BLOCKS VALUES(2546,2147481101,0)
DELETE FROM BLOCKS WHERE BLOCK_ADDR=2533
INSERT INTO LOBS VALUES(2533,13,0,220)
COMMIT
/*C53*/SET SCHEMA EBIUTIL
DELETE FROM RELEASE_INFO_FILE_MAP WHERE RELEASE_ID='128.3.000-INT' AND ENGLISH_FILE=217 AND SPANISH_FILE=218 AND UPDATED_TIME='2017-12-04 16:06:50.754000-6:00' AND UPDATED_BY='ebiadmin1'
INSERT INTO RELEASE_INFO_FILE_MAP VALUES('128.3.000-INT',219,220,'2017-12-04 16:07:07.914000-6:00','ebiadmin1')
SET SCHEMA SYSTEM_LOBS
DELETE FROM LOB_IDS WHERE LOB_ID=217
INSERT INTO LOB_IDS VALUES(217,174060,0,40)
DELETE FROM LOB_IDS WHERE LOB_ID=218
INSERT INTO LOB_IDS VALUES(218,206369,0,40)
DELETE FROM LOB_IDS WHERE LOB_ID=219
INSERT INTO LOB_IDS VALUES(219,174060,1,40)
DELETE FROM LOB_IDS WHERE LOB_ID=220
INSERT INTO LOB_IDS VALUES(220,206369,1,40)
COMMIT
/*C1*/INSERT INTO LOB_IDS VALUES(221,174055,0,40)
ALTER SEQUENCE SYSTEM_LOBS.LOB_ID RESTART WITH 222
COMMIT
DELETE FROM BLOCKS WHERE BLOCK_ADDR=2546
INSERT INTO BLOCKS VALUES(2546,11,0)
INSERT INTO BLOCKS VALUES(2557,2147481090,0)
DELETE FROM BLOCKS WHERE BLOCK_ADDR=2546
INSERT INTO LOBS VALUES(2546,11,0,221)
COMMIT
INSERT INTO LOB_IDS VALUES(222,206364,0,40)
ALTER SEQUENCE SYSTEM_LOBS.LOB_ID RESTART WITH 223
COMMIT
DELETE FROM BLOCKS WHERE BLOCK_ADDR=2557
INSERT INTO BLOCKS VALUES(2557,13,0)
INSERT INTO BLOCKS VALUES(2570,2147481077,0)
DELETE FROM BLOCKS WHERE BLOCK_ADDR=2557
INSERT INTO LOBS VALUES(2557,13,0,222)
COMMIT
/*C53*/SET SCHEMA EBIUTIL
DELETE FROM RELEASE_INFO_FILE_MAP WHERE RELEASE_ID='128.3.000-INT' AND ENGLISH_FILE=219 AND SPANISH_FILE=220 AND UPDATED_TIME='2017-12-04 16:07:07.914000-6:00' AND UPDATED_BY='ebiadmin1'
INSERT INTO RELEASE_INFO_FILE_MAP VALUES('128.3.000-INT',221,222,'2017-12-04 16:08:09.924000-6:00','ebiadmin1')
SET SCHEMA SYSTEM_LOBS
DELETE FROM LOB_IDS WHERE LOB_ID=219
INSERT INTO LOB_IDS VALUES(219,174060,0,40)
DELETE FROM LOB_IDS WHERE LOB_ID=220
INSERT INTO LOB_IDS VALUES(220,206369,0,40)
DELETE FROM LOB_IDS WHERE LOB_ID=221
INSERT INTO LOB_IDS VALUES(221,174055,1,40)
DELETE FROM LOB_IDS WHERE LOB_ID=222
INSERT INTO LOB_IDS VALUES(222,206364,1,40)
COMMIT
